<testsuites xmlns:xsi="http://www.w3.org/2001/XMLSchema-instance" xmlns:xsd="http://www.w3.org/2001/XMLSchema">
  <testsuite name="myte" timestamp="2022-07-15T20:10:34Z" hostname="DEVDESK104" tests="1" failures="1" errors="0" time="43.7977867">
    <testcase name="WebTest" time="39.5969273">
      <failure>










Click 'TypeCodeDiv' - 
			ArtOfTest.Common.Design.Exceptions.ElementFindException: Unable to locate element by Find Expression!
Attempting to find [Html] element using 
Find logic 
 (Html): [tagname 'Exact' div] AND [TextContent 'StartsWith' Type Code Edito]

Unable to locate element. Search failed!


Getting element image for step Click 'TypeCodeDiv' ...
Unable to locate element by image.
Learn more about finding elements here:
http://docs.telerik.com/teststudio/troubleshooting-guide/test-execution-problems-tg/unable-to-locate-element
   at ArtOfTest.WebAii.Design.Execution.ExecutionUtils.WaitForAllElements(IAutomationHost host, AutomationDescriptor descriptor, Int32 timeout, Int32 imageSearchTimeout, Int32 imageSearchDelay, Boolean searchByImageFirst)
   at ArtOfTest.WebAii.Design.Execution.ExecutionEngine.ExecuteStep(Int32 order)
</failure>
    </testcase>
  </testsuite>
</testsuites>